0 info it worked if it ends with ok
1 verbose cli [ 'C:\\Program Files\\nodejs\\node.exe',
1 verbose cli   'C:\\Program Files\\nodejs\\node_modules\\npm\\bin\\npm-cli.js',
1 verbose cli   'start' ]
2 info using npm@3.10.10
3 info using node@v6.12.3
4 verbose run-script [ 'prestart', 'start', 'poststart' ]
5 info lifecycle fs-1@1.0.0~prestart: fs-1@1.0.0
6 silly lifecycle fs-1@1.0.0~prestart: no script for prestart, continuing
7 info lifecycle fs-1@1.0.0~start: fs-1@1.0.0
8 verbose lifecycle fs-1@1.0.0~start: unsafe-perm in lifecycle true
9 verbose lifecycle fs-1@1.0.0~start: PATH: C:\Users\jacqu\AppData\Roaming\nvm\v6.12.3\node_modules\npm\bin\node-gyp-bin;C:\Development\rbgapps\Ixperience\fs-1\node_modules\.bin;C:\Program Files (x86)\Common Files\Oracle\Java\javapath;C:\ProgramData\Oracle\Java\javapath;C:\Windows\system32;C:\Windows;C:\Windows\System32\Wbem;C:\Windows\System32\WindowsPowerShell\v1.0\;C:\Program Files\Git\cmd;C:\Program Files (x86)\NVIDIA Corporation\PhysX\Common;C:\WINDOWS\system32;C:\WINDOWS;C:\WINDOWS\System32\Wbem;C:\WINDOWS\System32\WindowsPowerShell\v1.0\;C:\Program Files\MySQL\MySQL Utilities 1.6\;C:\Program Files\PuTTY\;C:\OpenSSH-Win64\;C:\xampp\php;C:\composer;C:\Program Files\MongoDB\Server\3.6\bin;C:\WINDOWS\System32\OpenSSH\;C:\Program Files\dotnet\;C:\Program Files\Microsoft VS Code\bin;C:\Program Files (x86)\Yarn\bin\;C:\Users\jacqu\AppData\Roaming\nvm;C:\Program Files\nodejs;C:\Users\jacqu\AppData\Local\Microsoft\WindowsApps;C:\Program Files\Microsoft VS Code\bin;C:\Users\jacqu\AppData\Local\Android\sdk\platform-tools;C:\Users\jacqu\AppData\Local\Android\sdk\tools;C:\Users\jacqu\AppData\Local\Android\sdk\tools\bin;C:\OpenSSL-Win64\bin;C:\Users\jacqu\AppData\Roaming\npm;C:\Program Files\Java\jdk1.8.0_152\bin;C:\Users\jacqu\AppData\Roaming\Composer\vendor\bin;C:\Users\jacqu\AppData\Local\Programs\MiKTeX 2.9\miktex\bin\x64\;C:\Users\jacqu\AppData\Local\Yarn\bin;C:\Users\jacqu\AppData\Roaming\nvm;C:\Program Files\nodejs
10 verbose lifecycle fs-1@1.0.0~start: CWD: C:\Development\rbgapps\Ixperience\fs-1
11 silly lifecycle fs-1@1.0.0~start: Args: [ '/d /s /c', 'vuepress dev docs' ]
12 silly lifecycle fs-1@1.0.0~start: Returned: code: 1  signal: null
13 info lifecycle fs-1@1.0.0~start: Failed to exec start script
14 verbose stack Error: fs-1@1.0.0 start: `vuepress dev docs`
14 verbose stack Exit status 1
14 verbose stack     at EventEmitter.<anonymous> (C:\Users\jacqu\AppData\Roaming\nvm\v6.12.3\node_modules\npm\lib\utils\lifecycle.js:255:16)
14 verbose stack     at emitTwo (events.js:106:13)
14 verbose stack     at EventEmitter.emit (events.js:191:7)
14 verbose stack     at ChildProcess.<anonymous> (C:\Users\jacqu\AppData\Roaming\nvm\v6.12.3\node_modules\npm\lib\utils\spawn.js:40:14)
14 verbose stack     at emitTwo (events.js:106:13)
14 verbose stack     at ChildProcess.emit (events.js:191:7)
14 verbose stack     at maybeClose (internal/child_process.js:920:16)
14 verbose stack     at Process.ChildProcess._handle.onexit (internal/child_process.js:230:5)
15 verbose pkgid fs-1@1.0.0
16 verbose cwd C:\Development\rbgapps\Ixperience\fs-1
17 error Windows_NT 10.0.17134
18 error argv "C:\\Program Files\\nodejs\\node.exe" "C:\\Program Files\\nodejs\\node_modules\\npm\\bin\\npm-cli.js" "start"
19 error node v6.12.3
20 error npm  v3.10.10
21 error code ELIFECYCLE
22 error fs-1@1.0.0 start: `vuepress dev docs`
22 error Exit status 1
23 error Failed at the fs-1@1.0.0 start script 'vuepress dev docs'.
23 error Make sure you have the latest version of node.js and npm installed.
23 error If you do, this is most likely a problem with the fs-1 package,
23 error not with npm itself.
23 error Tell the author that this fails on your system:
23 error     vuepress dev docs
23 error You can get information on how to open an issue for this project with:
23 error     npm bugs fs-1
23 error Or if that isn't available, you can get their info via:
23 error     npm owner ls fs-1
23 error There is likely additional logging output above.
24 verbose exit [ 1, true ]
